C51 COMPILER V9.53.0.0   STEPDC                                                            08/29/2024 09:51:49 PAGE 1   


C51 COMPILER V9.53.0.0, COMPILATION OF MODULE STEPDC
OBJECT MODULE PLACED IN stepdc.OBJ
COMPILER INVOKED BY: C:\Keil_v5\C51\BIN\C51.EXE stepdc.c OPTIMIZE(8,SPEED) BROWSE DEBUG OBJECTEXTEND TABS(2)

line level    source

   1          #include<regx52.h>
   2          void delay(unsigned int);
   3          void main()
   4          {
   5   1      while(1)
   6   1      {
   7   2      P1=0x05;
   8   2      delay(1000);
   9   2      P1=0x0A;
  10   2      delay(1000);
  11   2      P3=0x01;
  12   2      delay(1000);
  13   2      P3=0x03;
  14   2      delay(1000);
  15   2      P3=0x02;
  16   2      delay(1000);
  17   2      P3=0x06;
  18   2      delay(1000);
  19   2      P3=0x04;
  20   2      delay(1000);
  21   2      P3=0x0C;
  22   2      delay(1000);
  23   2      P3=0x08;
  24   2      delay(1000);
  25   2      P3=0x09;
  26   2      delay(1000);
  27   2      }}
  28          void delay(unsigned int a)
  29          {
  30   1      unsigned char i;
  31   1      for(;a>0;a--)
  32   1      {
  33   2      for(i=250;i>0;i--);
  34   2      }}


MODULE INFORMATION:   STATIC OVERLAYABLE
   CODE SIZE        =     87    ----
   CONSTANT SIZE    =   ----    ----
   XDATA SIZE       =   ----    ----
   PDATA SIZE       =   ----    ----
   DATA SIZE        =   ----    ----
   IDATA SIZE       =   ----    ----
   BIT SIZE         =   ----    ----
END OF MODULE INFORMATION.


C51 COMPILATION COMPLETE.  0 WARNING(S),  0 ERROR(S)
